<?xml version="1.0" encoding="UTF-8"?>
<testsuite xmlns:xsi="http://www.w3.org/2001/XMLSchema-instance" xsi:noNamespaceSchemaLocation="https://maven.apache.org/surefire/maven-surefire-plugin/xsd/surefire-test-report-3.0.xsd" version="3.0" name="com.example.storedproc.unit.MixedRepositoriesTest" time="0.061" tests="1" errors="1" skipped="0" failures="0">
  <properties>
[...]
</properties>
  <testcase name="shouldHandleMixedRepositoryCalls" classname="com.example.storedproc.unit.MixedRepositoriesTest" time="0.059">
    <error message="Cannot invoke &quot;com.example.storedproc.core.StoredProcedureMetadata.getReturnTypeInfo()&quot; because &quot;this.metadata&quot; is null" type="java.lang.NullPointerException"><![CDATA[java.lang.NullPointerException: Cannot invoke "com.example.storedproc.core.StoredProcedureMetadata.getReturnTypeInfo()" because "this.metadata" is null
	at com.example.storedproc.core.PreparedProcedureCall.execute(PreparedProcedureCall.java:26)
	at com.example.storedproc.core.StoredProcedureInvocationHandler.invoke(StoredProcedureInvocationHandler.java:48)
	at com.example.storedproc.unit.$Proxy96.findById(Unknown Source)
	at com.example.storedproc.unit.MixedRepositoriesTest.shouldHandleMixedRepositoryCalls(MixedRepositoriesTest.java:119)
	at java.base/java.lang.reflect.Method.invoke(Method.java:580)
	at java.base/java.util.ArrayList.forEach(ArrayList.java:1597)
	at java.base/java.util.ArrayList.forEach(ArrayList.java:1597)
]]></error>
    <system-out><![CDATA[2024-12-20 16:57:19.612 [main] DEBUG o.s.test.util.ReflectionTestUtils - Setting field 'jpaDatabaseAdapter' of type [null] on target object [com.example.storedproc.core.StoredProcedureRepositoryFactoryBean@681e913c] or target class [class com.example.storedproc.core.StoredProcedureRepositoryFactoryBean] to value [jpaDatabaseAdapter]
2024-12-20 16:57:19.612 [main] DEBUG o.s.test.util.ReflectionTestUtils - Setting field 'reactiveDatabaseAdapter' of type [null] on target object [com.example.storedproc.core.StoredProcedureRepositoryFactoryBean@681e913c] or target class [class com.example.storedproc.core.StoredProcedureRepositoryFactoryBean] to value [null]
2024-12-20 16:57:19.613 [main] DEBUG o.s.test.util.ReflectionTestUtils - Setting field 'adapter' of type [null] on target object [com.example.storedproc.core.StoredProcedureRepositoryFactoryBean@681e913c] or target class [class com.example.storedproc.core.StoredProcedureRepositoryFactoryBean] to value [jpaDatabaseAdapter]
2024-12-20 16:57:19.613 [main] DEBUG c.e.s.c.StoredProcedureRepositoryFactoryBean - Creating proxy for repository: com.example.storedproc.unit.MixedRepositoriesTest$UserRepository
2024-12-20 16:57:19.616 [main] DEBUG o.s.test.util.ReflectionTestUtils - Setting field 'jpaDatabaseAdapter' of type [null] on target object [com.example.storedproc.core.StoredProcedureRepositoryFactoryBean@44dfdd58] or target class [class com.example.storedproc.core.StoredProcedureRepositoryFactoryBean] to value [null]
2024-12-20 16:57:19.617 [main] DEBUG o.s.test.util.ReflectionTestUtils - Setting field 'reactiveDatabaseAdapter' of type [null] on target object [com.example.storedproc.core.StoredProcedureRepositoryFactoryBean@44dfdd58] or target class [class com.example.storedproc.core.StoredProcedureRepositoryFactoryBean] to value [reactiveDatabaseAdapter]
2024-12-20 16:57:19.617 [main] DEBUG o.s.test.util.ReflectionTestUtils - Setting field 'adapter' of type [null] on target object [com.example.storedproc.core.StoredProcedureRepositoryFactoryBean@44dfdd58] or target class [class com.example.storedproc.core.StoredProcedureRepositoryFactoryBean] to value [reactiveDatabaseAdapter]
2024-12-20 16:57:19.617 [main] DEBUG c.e.s.c.StoredProcedureRepositoryFactoryBean - Creating proxy for repository: com.example.storedproc.unit.MixedRepositoriesTest$OrderRepository
]]></system-out>
  </testcase>
</testsuite>